[debug] [2020-09-14T05:38:18.007Z] ----------------------------------------------------------------------
[debug] [2020-09-14T05:38:18.010Z] Command:       C:\Program Files\nodejs\node.exe C:\Users\Jeison Lopez\AppData\Roaming\npm\node_modules\firebase-tools\lib\bin\firebase.js serve
[debug] [2020-09-14T05:38:18.011Z] CLI Version:   8.10.0
[debug] [2020-09-14T05:38:18.011Z] Platform:      win32
[debug] [2020-09-14T05:38:18.011Z] Node Version:  v14.6.0
[debug] [2020-09-14T05:38:18.013Z] Time:          Mon Sep 14 2020 00:38:18 GMT-0500 (hora estándar de Colombia)
[debug] [2020-09-14T05:38:18.013Z] ----------------------------------------------------------------------
[debug] [2020-09-14T05:38:18.013Z] 
[debug] [2020-09-14T05:38:18.025Z] > command requires scopes: ["email","openid","https://www.googleapis.com/auth/cloudplatformprojects.readonly","https://www.googleapis.com/auth/firebase","https://www.googleapis.com/auth/cloud-platform"]
[debug] [2020-09-14T05:38:18.026Z] > authorizing via signed-in user
[debug] [2020-09-14T05:38:18.026Z] [iam] checking project jeilopez for permissions ["firebase.projects.get"]
[debug] [2020-09-14T05:38:18.031Z] >>> HTTP REQUEST POST https://cloudresourcemanager.googleapis.com/v1/projects/jeilopez:testIamPermissions  
 {"permissions":["firebase.projects.get"]}
[debug] [2020-09-14T05:38:18.875Z] <<< HTTP RESPONSE 200 {"content-type":"application/json; charset=UTF-8","vary":"X-Origin, Referer, Origin,Accept-Encoding","date":"Mon, 14 Sep 2020 05:38:18 GMT","server":"ESF","cache-control":"private","x-xss-protection":"0","x-frame-options":"SAMEORIGIN","x-content-type-options":"nosniff","server-timing":"gfet4t7; dur=346","alt-svc":"h3-29=\":443\"; ma=2592000,h3-27=\":443\"; ma=2592000,h3-T051=\":443\"; ma=2592000,h3-T050=\":443\"; ma=2592000,h3-Q050=\":443\"; ma=2592000,h3-Q046=\":443\"; ma=2592000,h3-Q043=\":443\"; ma=2592000,quic=\":443\"; ma=2592000; v=\"46,43\"","accept-ranges":"none","transfer-encoding":"chunked"}
[debug] [2020-09-14T05:38:18.877Z] >>> HTTP REQUEST GET https://firebase.googleapis.com/v1beta1/projects/jeilopez  
 
[debug] [2020-09-14T05:38:19.701Z] <<< HTTP RESPONSE 200 {"content-type":"application/json; charset=UTF-8","vary":"X-Origin, Referer, Origin,Accept-Encoding","date":"Mon, 14 Sep 2020 05:38:19 GMT","server":"ESF","cache-control":"private","x-xss-protection":"0","x-frame-options":"SAMEORIGIN","x-content-type-options":"nosniff","alt-svc":"h3-29=\":443\"; ma=2592000,h3-27=\":443\"; ma=2592000,h3-T051=\":443\"; ma=2592000,h3-T050=\":443\"; ma=2592000,h3-Q050=\":443\"; ma=2592000,h3-Q046=\":443\"; ma=2592000,h3-Q043=\":443\"; ma=2592000,quic=\":443\"; ma=2592000; v=\"46,43\"","accept-ranges":"none","transfer-encoding":"chunked"}
[info] 
[info] === Serving from 'D:\Ingenieria_de_Sistemas\FinalDeNode\Ofimuebles-Node'...
[info] 
[debug] [2020-09-14T05:38:19.708Z] >>> HTTP REQUEST GET https://firebase.googleapis.com/v1beta1/projects/jeilopez/webApps/-/config  
 
[debug] [2020-09-14T05:38:20.472Z] <<< HTTP RESPONSE 200 {"content-type":"application/json; charset=UTF-8","vary":"X-Origin, Referer, Origin,Accept-Encoding","date":"Mon, 14 Sep 2020 05:38:20 GMT","server":"ESF","cache-control":"private","x-xss-protection":"0","x-frame-options":"SAMEORIGIN","x-content-type-options":"nosniff","alt-svc":"h3-29=\":443\"; ma=2592000,h3-27=\":443\"; ma=2592000,h3-T051=\":443\"; ma=2592000,h3-T050=\":443\"; ma=2592000,h3-Q050=\":443\"; ma=2592000,h3-Q046=\":443\"; ma=2592000,h3-Q043=\":443\"; ma=2592000,quic=\":443\"; ma=2592000; v=\"46,43\"","accept-ranges":"none","transfer-encoding":"chunked"}
[info] i  hosting: Serving hosting files from: public {"metadata":{"emulator":{"name":"hosting"},"message":"Serving hosting files from: \u001b[1mpublic\u001b[22m"}}
[info] +  hosting: Local server: http://localhost:5000 {"metadata":{"emulator":{"name":"hosting"},"message":"Local server: \u001b[4m\u001b[1mhttp://localhost:5000\u001b[22m\u001b[24m"}}
[warn] !  Your requested "node" version "10" doesn't match your global version "14" {"metadata":{"emulator":{"name":"functions"},"message":"Your requested \"node\" version \"10\" doesn't match your global version \"14\""}}
[debug] [2020-09-14T05:38:21.766Z] defaultcredentials: writing to file C:\Users\Jeison Lopez\AppData\Roaming\firebase\jei_lopez.espinosa_gmail.com_application_default_credentials.json
[debug] [2020-09-14T05:38:21.767Z] Setting GAC to C:\Users\Jeison Lopez\AppData\Roaming\firebase\jei_lopez.espinosa_gmail.com_application_default_credentials.json {"metadata":{"emulator":{"name":"functions"},"message":"Setting GAC to C:\\Users\\Jeison Lopez\\AppData\\Roaming\\firebase\\jei_lopez.espinosa_gmail.com_application_default_credentials.json"}}
[info] i  functions: Watching "D:\Ingenieria_de_Sistemas\FinalDeNode\Ofimuebles-Node\functions" for Cloud Functions... {"metadata":{"emulator":{"name":"functions"},"message":"Watching \"D:\\Ingenieria_de_Sistemas\\FinalDeNode\\Ofimuebles-Node\\functions\" for Cloud Functions..."}}
[debug] [2020-09-14T05:38:21.796Z] [worker-pool] addWorker(~diagnostic~) {"metadata":{"emulator":{"name":"functions"},"message":"[worker-pool] addWorker(~diagnostic~)"}}
[debug] [2020-09-14T05:38:21.796Z] [worker-pool] Adding worker with key ~diagnostic~, total=1 {"metadata":{"emulator":{"name":"functions"},"message":"[worker-pool] Adding worker with key ~diagnostic~, total=1"}}
[debug] [2020-09-14T05:38:21.796Z] [worker-pool] submitWork(triggerId=) {"metadata":{"emulator":{"name":"functions"},"message":"[worker-pool] submitWork(triggerId=)"}}
[debug] [2020-09-14T05:38:21.797Z] [worker-~diagnostic~-4790eb4e-7696-4980-bb30-748bf8ad248b]: Assigning socketPath: \\?\pipe\D:\Ingenieria_de_Sistemas\FinalDeNode\Ofimuebles-Node\functions\4988 {"metadata":{"emulator":{"name":"functions"},"message":"[worker-~diagnostic~-4790eb4e-7696-4980-bb30-748bf8ad248b]: Assigning socketPath: \\\\?\\pipe\\D:\\Ingenieria_de_Sistemas\\FinalDeNode\\Ofimuebles-Node\\functions\\4988"}}
[debug] [2020-09-14T05:38:21.797Z] [worker-~diagnostic~-4790eb4e-7696-4980-bb30-748bf8ad248b]: BUSY {"metadata":{"emulator":{"name":"functions"},"message":"[worker-~diagnostic~-4790eb4e-7696-4980-bb30-748bf8ad248b]: BUSY"}}
[debug] [2020-09-14T05:38:22.390Z] [runtime-status] [4988] Functions runtime initialized. {"cwd":"D:\\Ingenieria_de_Sistemas\\FinalDeNode\\Ofimuebles-Node\\functions","node_version":"14.6.0"} {"metadata":{"emulator":{"name":"functions"},"message":"[runtime-status] [4988] Functions runtime initialized. {\"cwd\":\"D:\\\\Ingenieria_de_Sistemas\\\\FinalDeNode\\\\Ofimuebles-Node\\\\functions\",\"node_version\":\"14.6.0\"}"}}
[debug] [2020-09-14T05:38:22.392Z] [runtime-status] [4988] Disabled runtime features: undefined {"metadata":{"emulator":{"name":"functions"},"message":"[runtime-status] [4988] Disabled runtime features: undefined"}}
[debug] [2020-09-14T05:38:22.401Z] [runtime-status] [4988] Resolved module firebase-admin {"declared":true,"installed":true,"version":"8.13.0","resolution":"D:\\Ingenieria_de_Sistemas\\FinalDeNode\\Ofimuebles-Node\\functions\\node_modules\\firebase-admin\\lib\\index.js"} {"metadata":{"emulator":{"name":"functions"},"message":"[runtime-status] [4988] Resolved module firebase-admin {\"declared\":true,\"installed\":true,\"version\":\"8.13.0\",\"resolution\":\"D:\\\\Ingenieria_de_Sistemas\\\\FinalDeNode\\\\Ofimuebles-Node\\\\functions\\\\node_modules\\\\firebase-admin\\\\lib\\\\index.js\"}"}}
[debug] [2020-09-14T05:38:22.405Z] [runtime-status] [4988] Resolved module firebase-functions {"declared":true,"installed":true,"version":"3.11.0","resolution":"D:\\Ingenieria_de_Sistemas\\FinalDeNode\\Ofimuebles-Node\\functions\\node_modules\\firebase-functions\\lib\\index.js"} {"metadata":{"emulator":{"name":"functions"},"message":"[runtime-status] [4988] Resolved module firebase-functions {\"declared\":true,\"installed\":true,\"version\":\"3.11.0\",\"resolution\":\"D:\\\\Ingenieria_de_Sistemas\\\\FinalDeNode\\\\Ofimuebles-Node\\\\functions\\\\node_modules\\\\firebase-functions\\\\lib\\\\index.js\"}"}}
[debug] [2020-09-14T05:38:22.408Z] [runtime-status] [4988] Resolved module firebase-functions {"declared":true,"installed":true,"version":"3.11.0","resolution":"D:\\Ingenieria_de_Sistemas\\FinalDeNode\\Ofimuebles-Node\\functions\\node_modules\\firebase-functions\\lib\\index.js"} {"metadata":{"emulator":{"name":"functions"},"message":"[runtime-status] [4988] Resolved module firebase-functions {\"declared\":true,\"installed\":true,\"version\":\"3.11.0\",\"resolution\":\"D:\\\\Ingenieria_de_Sistemas\\\\FinalDeNode\\\\Ofimuebles-Node\\\\functions\\\\node_modules\\\\firebase-functions\\\\lib\\\\index.js\"}"}}
[debug] [2020-09-14T05:38:22.410Z] [runtime-status] [4988] Outgoing network have been stubbed. [{"name":"http","status":"mocked"},{"name":"http","status":"mocked"},{"name":"https","status":"mocked"},{"name":"https","status":"mocked"},{"name":"net","status":"mocked"}] {"metadata":{"emulator":{"name":"functions"},"message":"[runtime-status] [4988] Outgoing network have been stubbed. [{\"name\":\"http\",\"status\":\"mocked\"},{\"name\":\"http\",\"status\":\"mocked\"},{\"name\":\"https\",\"status\":\"mocked\"},{\"name\":\"https\",\"status\":\"mocked\"},{\"name\":\"net\",\"status\":\"mocked\"}]"}}
[debug] [2020-09-14T05:38:22.411Z] [runtime-status] [4988] Resolved module firebase-functions {"declared":true,"installed":true,"version":"3.11.0","resolution":"D:\\Ingenieria_de_Sistemas\\FinalDeNode\\Ofimuebles-Node\\functions\\node_modules\\firebase-functions\\lib\\index.js"} {"metadata":{"emulator":{"name":"functions"},"message":"[runtime-status] [4988] Resolved module firebase-functions {\"declared\":true,\"installed\":true,\"version\":\"3.11.0\",\"resolution\":\"D:\\\\Ingenieria_de_Sistemas\\\\FinalDeNode\\\\Ofimuebles-Node\\\\functions\\\\node_modules\\\\firebase-functions\\\\lib\\\\index.js\"}"}}
[debug] [2020-09-14T05:38:22.497Z] [runtime-status] [4988] Checked functions.config() {"config":{}} {"metadata":{"emulator":{"name":"functions"},"message":"[runtime-status] [4988] Checked functions.config() {\"config\":{}}"}}
[debug] [2020-09-14T05:38:22.497Z] [runtime-status] [4988] firebase-functions has been stubbed. {"functionsResolution":{"declared":true,"installed":true,"version":"3.11.0","resolution":"D:\\Ingenieria_de_Sistemas\\FinalDeNode\\Ofimuebles-Node\\functions\\node_modules\\firebase-functions\\lib\\index.js"}} {"metadata":{"emulator":{"name":"functions"},"message":"[runtime-status] [4988] firebase-functions has been stubbed. {\"functionsResolution\":{\"declared\":true,\"installed\":true,\"version\":\"3.11.0\",\"resolution\":\"D:\\\\Ingenieria_de_Sistemas\\\\FinalDeNode\\\\Ofimuebles-Node\\\\functions\\\\node_modules\\\\firebase-functions\\\\lib\\\\index.js\"}}"}}
[debug] [2020-09-14T05:38:22.498Z] [runtime-status] [4988] Resolved module firebase-functions {"declared":true,"installed":true,"version":"3.11.0","resolution":"D:\\Ingenieria_de_Sistemas\\FinalDeNode\\Ofimuebles-Node\\functions\\node_modules\\firebase-functions\\lib\\index.js"} {"metadata":{"emulator":{"name":"functions"},"message":"[runtime-status] [4988] Resolved module firebase-functions {\"declared\":true,\"installed\":true,\"version\":\"3.11.0\",\"resolution\":\"D:\\\\Ingenieria_de_Sistemas\\\\FinalDeNode\\\\Ofimuebles-Node\\\\functions\\\\node_modules\\\\firebase-functions\\\\lib\\\\index.js\"}"}}
[debug] [2020-09-14T05:38:22.500Z] [runtime-status] [4988] Resolved module firebase-admin {"declared":true,"installed":true,"version":"8.13.0","resolution":"D:\\Ingenieria_de_Sistemas\\FinalDeNode\\Ofimuebles-Node\\functions\\node_modules\\firebase-admin\\lib\\index.js"} {"metadata":{"emulator":{"name":"functions"},"message":"[runtime-status] [4988] Resolved module firebase-admin {\"declared\":true,\"installed\":true,\"version\":\"8.13.0\",\"resolution\":\"D:\\\\Ingenieria_de_Sistemas\\\\FinalDeNode\\\\Ofimuebles-Node\\\\functions\\\\node_modules\\\\firebase-admin\\\\lib\\\\index.js\"}"}}
[debug] [2020-09-14T05:38:22.501Z] [runtime-status] [4988] Resolved module firebase-functions {"declared":true,"installed":true,"version":"3.11.0","resolution":"D:\\Ingenieria_de_Sistemas\\FinalDeNode\\Ofimuebles-Node\\functions\\node_modules\\firebase-functions\\lib\\index.js"} {"metadata":{"emulator":{"name":"functions"},"message":"[runtime-status] [4988] Resolved module firebase-functions {\"declared\":true,\"installed\":true,\"version\":\"3.11.0\",\"resolution\":\"D:\\\\Ingenieria_de_Sistemas\\\\FinalDeNode\\\\Ofimuebles-Node\\\\functions\\\\node_modules\\\\firebase-functions\\\\lib\\\\index.js\"}"}}
[debug] [2020-09-14T05:38:22.501Z] [runtime-status] [4988] firebase-admin has been stubbed. {"adminResolution":{"declared":true,"installed":true,"version":"8.13.0","resolution":"D:\\Ingenieria_de_Sistemas\\FinalDeNode\\Ofimuebles-Node\\functions\\node_modules\\firebase-admin\\lib\\index.js"}} {"metadata":{"emulator":{"name":"functions"},"message":"[runtime-status] [4988] firebase-admin has been stubbed. {\"adminResolution\":{\"declared\":true,\"installed\":true,\"version\":\"8.13.0\",\"resolution\":\"D:\\\\Ingenieria_de_Sistemas\\\\FinalDeNode\\\\Ofimuebles-Node\\\\functions\\\\node_modules\\\\firebase-admin\\\\lib\\\\index.js\"}}"}}
[debug] [2020-09-14T05:38:22.505Z] [runtime-status] [4988] initializeApp(DEFAULT) {"databaseURL":"https://jeilopez.firebaseio.com","storageBucket":"jeilopez.appspot.com","projectId":"jeilopez"} {"metadata":{"emulator":{"name":"functions"},"message":"[runtime-status] [4988] initializeApp(DEFAULT) {\"databaseURL\":\"https://jeilopez.firebaseio.com\",\"storageBucket\":\"jeilopez.appspot.com\",\"projectId\":\"jeilopez\"}"}}
[info] +  functions[app]: http function initialized (http://localhost:5001/jeilopez/us-central1/app). {"metadata":{"emulator":{"name":"functions"},"message":"\u001b[1mhttp\u001b[22m function initialized (http://localhost:5001/jeilopez/us-central1/app)."}}
[debug] [2020-09-14T05:38:22.785Z] [worker-~diagnostic~-4790eb4e-7696-4980-bb30-748bf8ad248b]: IDLE {"metadata":{"emulator":{"name":"functions"},"message":"[worker-~diagnostic~-4790eb4e-7696-4980-bb30-748bf8ad248b]: IDLE"}}
[info] [hosting] Rewriting / to http://localhost:5001/jeilopez/us-central1/app for local Function app
[debug] [2020-09-14T05:38:24.337Z] [work-queue] {"queueLength":1,"workRunningCount":0}
[debug] [2020-09-14T05:38:24.337Z] [work-queue] {"queueLength":0,"workRunningCount":1}
[debug] [2020-09-14T05:38:24.338Z] Accepted request GET /jeilopez/us-central1/app/ --> app
[debug] [2020-09-14T05:38:24.344Z] [worker-pool] addWorker(app) {"metadata":{"emulator":{"name":"functions"},"message":"[worker-pool] addWorker(app)"}}
[debug] [2020-09-14T05:38:24.344Z] [worker-pool] Adding worker with key app, total=1 {"metadata":{"emulator":{"name":"functions"},"message":"[worker-pool] Adding worker with key app, total=1"}}
[debug] [2020-09-14T05:38:24.344Z] [worker-pool] submitWork(triggerId=app) {"metadata":{"emulator":{"name":"functions"},"message":"[worker-pool] submitWork(triggerId=app)"}}
[debug] [2020-09-14T05:38:24.345Z] [worker-app-81bfc9e4-ac54-49df-8e58-ce81bf0280bc]: Assigning socketPath: \\?\pipe\D:\Ingenieria_de_Sistemas\FinalDeNode\Ofimuebles-Node\functions\3200 {"metadata":{"emulator":{"name":"functions"},"message":"[worker-app-81bfc9e4-ac54-49df-8e58-ce81bf0280bc]: Assigning socketPath: \\\\?\\pipe\\D:\\Ingenieria_de_Sistemas\\FinalDeNode\\Ofimuebles-Node\\functions\\3200"}}
[debug] [2020-09-14T05:38:24.345Z] [worker-app-81bfc9e4-ac54-49df-8e58-ce81bf0280bc]: BUSY {"metadata":{"emulator":{"name":"functions"},"message":"[worker-app-81bfc9e4-ac54-49df-8e58-ce81bf0280bc]: BUSY"}}
[debug] [2020-09-14T05:38:24.960Z] [runtime-status] [3200] Functions runtime initialized. {"cwd":"D:\\Ingenieria_de_Sistemas\\FinalDeNode\\Ofimuebles-Node\\functions","node_version":"14.6.0"} {"metadata":{"emulator":{"name":"functions"},"function":{"name":"app"},"message":"[runtime-status] [3200] Functions runtime initialized. {\"cwd\":\"D:\\\\Ingenieria_de_Sistemas\\\\FinalDeNode\\\\Ofimuebles-Node\\\\functions\",\"node_version\":\"14.6.0\"}"}}
[debug] [2020-09-14T05:38:24.964Z] [runtime-status] [3200] Disabled runtime features: undefined {"metadata":{"emulator":{"name":"functions"},"function":{"name":"app"},"message":"[runtime-status] [3200] Disabled runtime features: undefined"}}
[debug] [2020-09-14T05:38:24.978Z] [runtime-status] [3200] Resolved module firebase-admin {"declared":true,"installed":true,"version":"8.13.0","resolution":"D:\\Ingenieria_de_Sistemas\\FinalDeNode\\Ofimuebles-Node\\functions\\node_modules\\firebase-admin\\lib\\index.js"} {"metadata":{"emulator":{"name":"functions"},"function":{"name":"app"},"message":"[runtime-status] [3200] Resolved module firebase-admin {\"declared\":true,\"installed\":true,\"version\":\"8.13.0\",\"resolution\":\"D:\\\\Ingenieria_de_Sistemas\\\\FinalDeNode\\\\Ofimuebles-Node\\\\functions\\\\node_modules\\\\firebase-admin\\\\lib\\\\index.js\"}"}}
[debug] [2020-09-14T05:38:24.982Z] [runtime-status] [3200] Resolved module firebase-functions {"declared":true,"installed":true,"version":"3.11.0","resolution":"D:\\Ingenieria_de_Sistemas\\FinalDeNode\\Ofimuebles-Node\\functions\\node_modules\\firebase-functions\\lib\\index.js"} {"metadata":{"emulator":{"name":"functions"},"function":{"name":"app"},"message":"[runtime-status] [3200] Resolved module firebase-functions {\"declared\":true,\"installed\":true,\"version\":\"3.11.0\",\"resolution\":\"D:\\\\Ingenieria_de_Sistemas\\\\FinalDeNode\\\\Ofimuebles-Node\\\\functions\\\\node_modules\\\\firebase-functions\\\\lib\\\\index.js\"}"}}
[debug] [2020-09-14T05:38:24.985Z] [runtime-status] [3200] Resolved module firebase-functions {"declared":true,"installed":true,"version":"3.11.0","resolution":"D:\\Ingenieria_de_Sistemas\\FinalDeNode\\Ofimuebles-Node\\functions\\node_modules\\firebase-functions\\lib\\index.js"} {"metadata":{"emulator":{"name":"functions"},"function":{"name":"app"},"message":"[runtime-status] [3200] Resolved module firebase-functions {\"declared\":true,\"installed\":true,\"version\":\"3.11.0\",\"resolution\":\"D:\\\\Ingenieria_de_Sistemas\\\\FinalDeNode\\\\Ofimuebles-Node\\\\functions\\\\node_modules\\\\firebase-functions\\\\lib\\\\index.js\"}"}}
[debug] [2020-09-14T05:38:24.987Z] [runtime-status] [3200] Outgoing network have been stubbed. [{"name":"http","status":"mocked"},{"name":"http","status":"mocked"},{"name":"https","status":"mocked"},{"name":"https","status":"mocked"},{"name":"net","status":"mocked"}] {"metadata":{"emulator":{"name":"functions"},"function":{"name":"app"},"message":"[runtime-status] [3200] Outgoing network have been stubbed. [{\"name\":\"http\",\"status\":\"mocked\"},{\"name\":\"http\",\"status\":\"mocked\"},{\"name\":\"https\",\"status\":\"mocked\"},{\"name\":\"https\",\"status\":\"mocked\"},{\"name\":\"net\",\"status\":\"mocked\"}]"}}
[debug] [2020-09-14T05:38:24.988Z] [runtime-status] [3200] Resolved module firebase-functions {"declared":true,"installed":true,"version":"3.11.0","resolution":"D:\\Ingenieria_de_Sistemas\\FinalDeNode\\Ofimuebles-Node\\functions\\node_modules\\firebase-functions\\lib\\index.js"} {"metadata":{"emulator":{"name":"functions"},"function":{"name":"app"},"message":"[runtime-status] [3200] Resolved module firebase-functions {\"declared\":true,\"installed\":true,\"version\":\"3.11.0\",\"resolution\":\"D:\\\\Ingenieria_de_Sistemas\\\\FinalDeNode\\\\Ofimuebles-Node\\\\functions\\\\node_modules\\\\firebase-functions\\\\lib\\\\index.js\"}"}}
[debug] [2020-09-14T05:38:25.075Z] [runtime-status] [3200] Checked functions.config() {"config":{}} {"metadata":{"emulator":{"name":"functions"},"function":{"name":"app"},"message":"[runtime-status] [3200] Checked functions.config() {\"config\":{}}"}}
[debug] [2020-09-14T05:38:25.076Z] [runtime-status] [3200] firebase-functions has been stubbed. {"functionsResolution":{"declared":true,"installed":true,"version":"3.11.0","resolution":"D:\\Ingenieria_de_Sistemas\\FinalDeNode\\Ofimuebles-Node\\functions\\node_modules\\firebase-functions\\lib\\index.js"}} {"metadata":{"emulator":{"name":"functions"},"function":{"name":"app"},"message":"[runtime-status] [3200] firebase-functions has been stubbed. {\"functionsResolution\":{\"declared\":true,\"installed\":true,\"version\":\"3.11.0\",\"resolution\":\"D:\\\\Ingenieria_de_Sistemas\\\\FinalDeNode\\\\Ofimuebles-Node\\\\functions\\\\node_modules\\\\firebase-functions\\\\lib\\\\index.js\"}}"}}
[debug] [2020-09-14T05:38:25.077Z] [runtime-status] [3200] Resolved module firebase-functions {"declared":true,"installed":true,"version":"3.11.0","resolution":"D:\\Ingenieria_de_Sistemas\\FinalDeNode\\Ofimuebles-Node\\functions\\node_modules\\firebase-functions\\lib\\index.js"} {"metadata":{"emulator":{"name":"functions"},"function":{"name":"app"},"message":"[runtime-status] [3200] Resolved module firebase-functions {\"declared\":true,\"installed\":true,\"version\":\"3.11.0\",\"resolution\":\"D:\\\\Ingenieria_de_Sistemas\\\\FinalDeNode\\\\Ofimuebles-Node\\\\functions\\\\node_modules\\\\firebase-functions\\\\lib\\\\index.js\"}"}}
[debug] [2020-09-14T05:38:25.079Z] [runtime-status] [3200] Resolved module firebase-admin {"declared":true,"installed":true,"version":"8.13.0","resolution":"D:\\Ingenieria_de_Sistemas\\FinalDeNode\\Ofimuebles-Node\\functions\\node_modules\\firebase-admin\\lib\\index.js"} {"metadata":{"emulator":{"name":"functions"},"function":{"name":"app"},"message":"[runtime-status] [3200] Resolved module firebase-admin {\"declared\":true,\"installed\":true,\"version\":\"8.13.0\",\"resolution\":\"D:\\\\Ingenieria_de_Sistemas\\\\FinalDeNode\\\\Ofimuebles-Node\\\\functions\\\\node_modules\\\\firebase-admin\\\\lib\\\\index.js\"}"}}
[debug] [2020-09-14T05:38:25.080Z] [runtime-status] [3200] Resolved module firebase-functions {"declared":true,"installed":true,"version":"3.11.0","resolution":"D:\\Ingenieria_de_Sistemas\\FinalDeNode\\Ofimuebles-Node\\functions\\node_modules\\firebase-functions\\lib\\index.js"} {"metadata":{"emulator":{"name":"functions"},"function":{"name":"app"},"message":"[runtime-status] [3200] Resolved module firebase-functions {\"declared\":true,\"installed\":true,\"version\":\"3.11.0\",\"resolution\":\"D:\\\\Ingenieria_de_Sistemas\\\\FinalDeNode\\\\Ofimuebles-Node\\\\functions\\\\node_modules\\\\firebase-functions\\\\lib\\\\index.js\"}"}}
[debug] [2020-09-14T05:38:25.080Z] [runtime-status] [3200] firebase-admin has been stubbed. {"adminResolution":{"declared":true,"installed":true,"version":"8.13.0","resolution":"D:\\Ingenieria_de_Sistemas\\FinalDeNode\\Ofimuebles-Node\\functions\\node_modules\\firebase-admin\\lib\\index.js"}} {"metadata":{"emulator":{"name":"functions"},"function":{"name":"app"},"message":"[runtime-status] [3200] firebase-admin has been stubbed. {\"adminResolution\":{\"declared\":true,\"installed\":true,\"version\":\"8.13.0\",\"resolution\":\"D:\\\\Ingenieria_de_Sistemas\\\\FinalDeNode\\\\Ofimuebles-Node\\\\functions\\\\node_modules\\\\firebase-admin\\\\lib\\\\index.js\"}}"}}
[debug] [2020-09-14T05:38:25.084Z] [runtime-status] [3200] initializeApp(DEFAULT) {"databaseURL":"https://jeilopez.firebaseio.com","storageBucket":"jeilopez.appspot.com","projectId":"jeilopez"} {"metadata":{"emulator":{"name":"functions"},"function":{"name":"app"},"message":"[runtime-status] [3200] initializeApp(DEFAULT) {\"databaseURL\":\"https://jeilopez.firebaseio.com\",\"storageBucket\":\"jeilopez.appspot.com\",\"projectId\":\"jeilopez\"}"}}
[debug] [2020-09-14T05:38:25.373Z] [runtime-status] [3200] Trigger "app" has been found, beginning invocation! {"metadata":{"emulator":{"name":"functions"},"function":{"name":"app"},"message":"[runtime-status] [3200] Trigger \"app\" has been found, beginning invocation!"}}
[info] i  functions: Beginning execution of "app" {"metadata":{"emulator":{"name":"functions"},"function":{"name":"app"},"message":"Beginning execution of \"app\""}}
[debug] [2020-09-14T05:38:25.375Z] [runtime-status] [3200] triggerDefinition {"httpsTrigger":{},"name":"app","entryPoint":"app"} {"metadata":{"emulator":{"name":"functions"},"function":{"name":"app"},"message":"[runtime-status] [3200] triggerDefinition {\"httpsTrigger\":{},\"name\":\"app\",\"entryPoint\":\"app\"}"}}
[debug] [2020-09-14T05:38:25.375Z] [runtime-status] [3200] Running app in mode HTTPS {"metadata":{"emulator":{"name":"functions"},"function":{"name":"app"},"message":"[runtime-status] [3200] Running app in mode HTTPS"}}
[debug] [2020-09-14T05:38:25.380Z] [runtime-status] [3200] Attempting to listen to socketPath: \\?\pipe\D:\Ingenieria_de_Sistemas\FinalDeNode\Ofimuebles-Node\functions\3200 {"metadata":{"emulator":{"name":"functions"},"function":{"name":"app"},"message":"[runtime-status] [3200] Attempting to listen to socketPath: \\\\?\\pipe\\D:\\Ingenieria_de_Sistemas\\FinalDeNode\\Ofimuebles-Node\\functions\\3200"}}
[debug] [2020-09-14T05:38:25.384Z] [functions] Runtime ready! Sending request! {"metadata":{"emulator":{"name":"functions"},"message":"[functions] Runtime ready! Sending request!"}}
[debug] [2020-09-14T05:38:25.392Z] [runtime-status] [3200] Ephemeral server handling GET request {"metadata":{"emulator":{"name":"functions"},"function":{"name":"app"},"message":"[runtime-status] [3200] Ephemeral server handling GET request"}}
[debug] [2020-09-14T05:38:25.402Z] [runtime-status] [3200] Ephemeral server survived. {"metadata":{"emulator":{"name":"functions"},"function":{"name":"app"},"message":"[runtime-status] [3200] Ephemeral server survived."}}
[info] i  hosting: 127.0.0.1 - - [14/Sep/2020:05:38:25 +0000] "GET / HTTP/1.1" 200 10 "-" "Mozilla/5.0 (Windows NT 10.0; Win64; x64) AppleWebKit/537.36 (KHTML, like Gecko) Chrome/85.0.4183.102 Safari/537.36 Edg/85.0.564.51" {"metadata":{"emulator":{"name":"hosting"},"message":"127.0.0.1 - - [14/Sep/2020:05:38:25 +0000] \"GET / HTTP/1.1\" 200 10 \"-\" \"Mozilla/5.0 (Windows NT 10.0; Win64; x64) AppleWebKit/537.36 (KHTML, like Gecko) Chrome/85.0.4183.102 Safari/537.36 Edg/85.0.564.51\""}}
[info] i  functions: Finished "app" in ~1s {"metadata":{"emulator":{"name":"functions"},"function":{"name":"app"},"message":"Finished \"app\" in ~1s"}}
[debug] [2020-09-14T05:38:25.408Z] [worker-app-81bfc9e4-ac54-49df-8e58-ce81bf0280bc]: IDLE {"metadata":{"emulator":{"name":"functions"},"message":"[worker-app-81bfc9e4-ac54-49df-8e58-ce81bf0280bc]: IDLE"}}
[debug] [2020-09-14T05:38:25.409Z] [work-queue] {"queueLength":0,"workRunningCount":0}
[info] [hosting] Rewriting / to http://localhost:5001/jeilopez/us-central1/app for local Function app
[debug] [2020-09-14T05:38:29.010Z] [work-queue] {"queueLength":1,"workRunningCount":0}
[debug] [2020-09-14T05:38:29.010Z] [work-queue] {"queueLength":0,"workRunningCount":1}
[debug] [2020-09-14T05:38:29.010Z] Accepted request GET /jeilopez/us-central1/app/ --> app
[debug] [2020-09-14T05:38:29.010Z] [worker-pool] submitWork(triggerId=app) {"metadata":{"emulator":{"name":"functions"},"message":"[worker-pool] submitWork(triggerId=app)"}}
[debug] [2020-09-14T05:38:29.010Z] [worker-app-81bfc9e4-ac54-49df-8e58-ce81bf0280bc]: Assigning socketPath: \\?\pipe\D:\Ingenieria_de_Sistemas\FinalDeNode\Ofimuebles-Node\functions\3200 {"metadata":{"emulator":{"name":"functions"},"message":"[worker-app-81bfc9e4-ac54-49df-8e58-ce81bf0280bc]: Assigning socketPath: \\\\?\\pipe\\D:\\Ingenieria_de_Sistemas\\FinalDeNode\\Ofimuebles-Node\\functions\\3200"}}
[debug] [2020-09-14T05:38:29.011Z] [worker-app-81bfc9e4-ac54-49df-8e58-ce81bf0280bc]: BUSY {"metadata":{"emulator":{"name":"functions"},"message":"[worker-app-81bfc9e4-ac54-49df-8e58-ce81bf0280bc]: BUSY"}}
[debug] [2020-09-14T05:38:29.011Z] [runtime-status] [3200] Trigger "app" has been found, beginning invocation! {"metadata":{"emulator":{"name":"functions"},"function":{"name":"app"},"message":"[runtime-status] [3200] Trigger \"app\" has been found, beginning invocation!"}}
[info] i  functions: Beginning execution of "app" {"metadata":{"emulator":{"name":"functions"},"function":{"name":"app"},"message":"Beginning execution of \"app\""}}
[debug] [2020-09-14T05:38:29.020Z] [runtime-status] [3200] triggerDefinition {"httpsTrigger":{},"name":"app","entryPoint":"app"} {"metadata":{"emulator":{"name":"functions"},"function":{"name":"app"},"message":"[runtime-status] [3200] triggerDefinition {\"httpsTrigger\":{},\"name\":\"app\",\"entryPoint\":\"app\"}"}}
[debug] [2020-09-14T05:38:29.021Z] [runtime-status] [3200] Running app in mode HTTPS {"metadata":{"emulator":{"name":"functions"},"function":{"name":"app"},"message":"[runtime-status] [3200] Running app in mode HTTPS"}}
[debug] [2020-09-14T05:38:29.023Z] [runtime-status] [3200] Attempting to listen to socketPath: \\?\pipe\D:\Ingenieria_de_Sistemas\FinalDeNode\Ofimuebles-Node\functions\3200 {"metadata":{"emulator":{"name":"functions"},"function":{"name":"app"},"message":"[runtime-status] [3200] Attempting to listen to socketPath: \\\\?\\pipe\\D:\\Ingenieria_de_Sistemas\\FinalDeNode\\Ofimuebles-Node\\functions\\3200"}}
[debug] [2020-09-14T05:38:29.027Z] [functions] Runtime ready! Sending request! {"metadata":{"emulator":{"name":"functions"},"message":"[functions] Runtime ready! Sending request!"}}
[debug] [2020-09-14T05:38:29.035Z] [runtime-status] [3200] Ephemeral server handling GET request {"metadata":{"emulator":{"name":"functions"},"function":{"name":"app"},"message":"[runtime-status] [3200] Ephemeral server handling GET request"}}
[debug] [2020-09-14T05:38:29.037Z] [runtime-status] [3200] Ephemeral server survived. {"metadata":{"emulator":{"name":"functions"},"function":{"name":"app"},"message":"[runtime-status] [3200] Ephemeral server survived."}}
[info] i  hosting: 127.0.0.1 - - [14/Sep/2020:05:38:29 +0000] "GET / HTTP/1.1" 200 10 "-" "Mozilla/5.0 (Windows NT 10.0; Win64; x64) AppleWebKit/537.36 (KHTML, like Gecko) Chrome/85.0.4183.102 Safari/537.36 Edg/85.0.564.51" {"metadata":{"emulator":{"name":"hosting"},"message":"127.0.0.1 - - [14/Sep/2020:05:38:29 +0000] \"GET / HTTP/1.1\" 200 10 \"-\" \"Mozilla/5.0 (Windows NT 10.0; Win64; x64) AppleWebKit/537.36 (KHTML, like Gecko) Chrome/85.0.4183.102 Safari/537.36 Edg/85.0.564.51\""}}
[info] i  functions: Finished "app" in ~1s {"metadata":{"emulator":{"name":"functions"},"function":{"name":"app"},"message":"Finished \"app\" in ~1s"}}
[debug] [2020-09-14T05:38:29.060Z] [worker-app-81bfc9e4-ac54-49df-8e58-ce81bf0280bc]: IDLE {"metadata":{"emulator":{"name":"functions"},"message":"[worker-app-81bfc9e4-ac54-49df-8e58-ce81bf0280bc]: IDLE"}}
[debug] [2020-09-14T05:38:29.060Z] [work-queue] {"queueLength":0,"workRunningCount":0}
[debug] [2020-09-14T08:10:11.819Z] ----------------------------------------------------------------------
[debug] [2020-09-14T08:10:11.823Z] Command:       C:\Program Files\nodejs\node.exe C:\Users\Jeison Lopez\AppData\Roaming\npm\node_modules\firebase-tools\lib\bin\firebase.js serve
[debug] [2020-09-14T08:10:11.823Z] CLI Version:   8.10.0
[debug] [2020-09-14T08:10:11.824Z] Platform:      win32
[debug] [2020-09-14T08:10:11.824Z] Node Version:  v14.6.0
[debug] [2020-09-14T08:10:11.825Z] Time:          Mon Sep 14 2020 03:10:11 GMT-0500 (hora estándar de Colombia)
[debug] [2020-09-14T08:10:11.826Z] ----------------------------------------------------------------------
[debug] [2020-09-14T08:10:11.826Z] 
[debug] [2020-09-14T08:10:11.838Z] > command requires scopes: ["email","openid","https://www.googleapis.com/auth/cloudplatformprojects.readonly","https://www.googleapis.com/auth/firebase","https://www.googleapis.com/auth/cloud-platform"]
[debug] [2020-09-14T08:10:11.839Z] > authorizing via signed-in user
[debug] [2020-09-14T08:10:11.839Z] [iam] checking project jeilopez for permissions ["firebase.projects.get"]
[debug] [2020-09-14T08:10:11.844Z] > refreshing access token with scopes: ["email","https://www.googleapis.com/auth/cloud-platform","https://www.googleapis.com/auth/cloudplatformprojects.readonly","https://www.googleapis.com/auth/firebase","openid"]
[debug] [2020-09-14T08:10:11.845Z] >>> HTTP REQUEST POST https://www.googleapis.com/oauth2/v3/token  
 <request body omitted>
[debug] [2020-09-14T08:10:12.346Z] <<< HTTP RESPONSE 200 {"content-type":"application/json; charset=utf-8","vary":"X-Origin, Referer, Origin,Accept-Encoding","date":"Mon, 14 Sep 2020 08:10:12 GMT","server":"scaffolding on HTTPServer2","cache-control":"private","x-xss-protection":"0","x-frame-options":"SAMEORIGIN","x-content-type-options":"nosniff","alt-svc":"h3-29=\":443\"; ma=2592000,h3-27=\":443\"; ma=2592000,h3-T051=\":443\"; ma=2592000,h3-T050=\":443\"; ma=2592000,h3-Q050=\":443\"; ma=2592000,h3-Q046=\":443\"; ma=2592000,h3-Q043=\":443\"; ma=2592000,quic=\":443\"; ma=2592000; v=\"46,43\"","accept-ranges":"none","transfer-encoding":"chunked"}
[debug] [2020-09-14T08:10:12.357Z] >>> HTTP REQUEST POST https://cloudresourcemanager.googleapis.com/v1/projects/jeilopez:testIamPermissions  
 {"permissions":["firebase.projects.get"]}
[debug] [2020-09-14T08:10:13.125Z] <<< HTTP RESPONSE 200 {"content-type":"application/json; charset=UTF-8","vary":"X-Origin, Referer, Origin,Accept-Encoding","date":"Mon, 14 Sep 2020 08:10:13 GMT","server":"ESF","cache-control":"private","x-xss-protection":"0","x-frame-options":"SAMEORIGIN","x-content-type-options":"nosniff","server-timing":"gfet4t7; dur=333","alt-svc":"h3-29=\":443\"; ma=2592000,h3-27=\":443\"; ma=2592000,h3-T051=\":443\"; ma=2592000,h3-T050=\":443\"; ma=2592000,h3-Q050=\":443\"; ma=2592000,h3-Q046=\":443\"; ma=2592000,h3-Q043=\":443\"; ma=2592000,quic=\":443\"; ma=2592000; v=\"46,43\"","accept-ranges":"none","transfer-encoding":"chunked"}
[debug] [2020-09-14T08:10:13.127Z] >>> HTTP REQUEST GET https://firebase.googleapis.com/v1beta1/projects/jeilopez  
 
[debug] [2020-09-14T08:10:13.810Z] <<< HTTP RESPONSE 200 {"content-type":"application/json; charset=UTF-8","vary":"X-Origin, Referer, Origin,Accept-Encoding","date":"Mon, 14 Sep 2020 08:10:14 GMT","server":"ESF","cache-control":"private","x-xss-protection":"0","x-frame-options":"SAMEORIGIN","x-content-type-options":"nosniff","alt-svc":"h3-29=\":443\"; ma=2592000,h3-27=\":443\"; ma=2592000,h3-T051=\":443\"; ma=2592000,h3-T050=\":443\"; ma=2592000,h3-Q050=\":443\"; ma=2592000,h3-Q046=\":443\"; ma=2592000,h3-Q043=\":443\"; ma=2592000,quic=\":443\"; ma=2592000; v=\"46,43\"","accept-ranges":"none","transfer-encoding":"chunked"}
[info] 
[info] === Serving from 'D:\Ingenieria_de_Sistemas\FinalDeNode\Ofimuebles-Node'...
[info] 
[debug] [2020-09-14T08:10:13.816Z] >>> HTTP REQUEST GET https://firebase.googleapis.com/v1beta1/projects/jeilopez/webApps/-/config  
 
[debug] [2020-09-14T08:10:14.764Z] <<< HTTP RESPONSE 200 {"content-type":"application/json; charset=UTF-8","vary":"X-Origin, Referer, Origin,Accept-Encoding","date":"Mon, 14 Sep 2020 08:10:15 GMT","server":"ESF","cache-control":"private","x-xss-protection":"0","x-frame-options":"SAMEORIGIN","x-content-type-options":"nosniff","alt-svc":"h3-29=\":443\"; ma=2592000,h3-27=\":443\"; ma=2592000,h3-T051=\":443\"; ma=2592000,h3-T050=\":443\"; ma=2592000,h3-Q050=\":443\"; ma=2592000,h3-Q046=\":443\"; ma=2592000,h3-Q043=\":443\"; ma=2592000,quic=\":443\"; ma=2592000; v=\"46,43\"","accept-ranges":"none","transfer-encoding":"chunked"}
[info] i  hosting: Serving hosting files from: public {"metadata":{"emulator":{"name":"hosting"},"message":"Serving hosting files from: \u001b[1mpublic\u001b[22m"}}
[info] +  hosting: Local server: http://localhost:5000 {"metadata":{"emulator":{"name":"hosting"},"message":"Local server: \u001b[4m\u001b[1mhttp://localhost:5000\u001b[22m\u001b[24m"}}
[warn] !  Your requested "node" version "10" doesn't match your global version "14" {"metadata":{"emulator":{"name":"functions"},"message":"Your requested \"node\" version \"10\" doesn't match your global version \"14\""}}
[debug] [2020-09-14T08:10:15.846Z] defaultcredentials: writing to file C:\Users\Jeison Lopez\AppData\Roaming\firebase\jei_lopez.espinosa_gmail.com_application_default_credentials.json
[debug] [2020-09-14T08:10:15.848Z] Setting GAC to C:\Users\Jeison Lopez\AppData\Roaming\firebase\jei_lopez.espinosa_gmail.com_application_default_credentials.json {"metadata":{"emulator":{"name":"functions"},"message":"Setting GAC to C:\\Users\\Jeison Lopez\\AppData\\Roaming\\firebase\\jei_lopez.espinosa_gmail.com_application_default_credentials.json"}}
[info] i  functions: Watching "D:\Ingenieria_de_Sistemas\FinalDeNode\Ofimuebles-Node\functions" for Cloud Functions... {"metadata":{"emulator":{"name":"functions"},"message":"Watching \"D:\\Ingenieria_de_Sistemas\\FinalDeNode\\Ofimuebles-Node\\functions\" for Cloud Functions..."}}
[debug] [2020-09-14T08:10:15.880Z] [worker-pool] addWorker(~diagnostic~) {"metadata":{"emulator":{"name":"functions"},"message":"[worker-pool] addWorker(~diagnostic~)"}}
[debug] [2020-09-14T08:10:15.880Z] [worker-pool] Adding worker with key ~diagnostic~, total=1 {"metadata":{"emulator":{"name":"functions"},"message":"[worker-pool] Adding worker with key ~diagnostic~, total=1"}}
[debug] [2020-09-14T08:10:15.881Z] [worker-pool] submitWork(triggerId=) {"metadata":{"emulator":{"name":"functions"},"message":"[worker-pool] submitWork(triggerId=)"}}
[debug] [2020-09-14T08:10:15.881Z] [worker-~diagnostic~-a470001b-8b9a-4656-973d-72df6be80ec7]: Assigning socketPath: \\?\pipe\D:\Ingenieria_de_Sistemas\FinalDeNode\Ofimuebles-Node\functions\15132 {"metadata":{"emulator":{"name":"functions"},"message":"[worker-~diagnostic~-a470001b-8b9a-4656-973d-72df6be80ec7]: Assigning socketPath: \\\\?\\pipe\\D:\\Ingenieria_de_Sistemas\\FinalDeNode\\Ofimuebles-Node\\functions\\15132"}}
[debug] [2020-09-14T08:10:15.881Z] [worker-~diagnostic~-a470001b-8b9a-4656-973d-72df6be80ec7]: BUSY {"metadata":{"emulator":{"name":"functions"},"message":"[worker-~diagnostic~-a470001b-8b9a-4656-973d-72df6be80ec7]: BUSY"}}
[debug] [2020-09-14T08:10:16.477Z] [runtime-status] [15132] Functions runtime initialized. {"cwd":"D:\\Ingenieria_de_Sistemas\\FinalDeNode\\Ofimuebles-Node\\functions","node_version":"14.6.0"} {"metadata":{"emulator":{"name":"functions"},"message":"[runtime-status] [15132] Functions runtime initialized. {\"cwd\":\"D:\\\\Ingenieria_de_Sistemas\\\\FinalDeNode\\\\Ofimuebles-Node\\\\functions\",\"node_version\":\"14.6.0\"}"}}
[debug] [2020-09-14T08:10:16.479Z] [runtime-status] [15132] Disabled runtime features: undefined {"metadata":{"emulator":{"name":"functions"},"message":"[runtime-status] [15132] Disabled runtime features: undefined"}}
[debug] [2020-09-14T08:10:16.485Z] [runtime-status] [15132] Resolved module firebase-admin {"declared":true,"installed":true,"version":"8.13.0","resolution":"D:\\Ingenieria_de_Sistemas\\FinalDeNode\\Ofimuebles-Node\\functions\\node_modules\\firebase-admin\\lib\\index.js"} {"metadata":{"emulator":{"name":"functions"},"message":"[runtime-status] [15132] Resolved module firebase-admin {\"declared\":true,\"installed\":true,\"version\":\"8.13.0\",\"resolution\":\"D:\\\\Ingenieria_de_Sistemas\\\\FinalDeNode\\\\Ofimuebles-Node\\\\functions\\\\node_modules\\\\firebase-admin\\\\lib\\\\index.js\"}"}}
[debug] [2020-09-14T08:10:16.505Z] [runtime-status] [15132] Resolved module firebase-functions {"declared":true,"installed":true,"version":"3.11.0","resolution":"D:\\Ingenieria_de_Sistemas\\FinalDeNode\\Ofimuebles-Node\\functions\\node_modules\\firebase-functions\\lib\\index.js"} {"metadata":{"emulator":{"name":"functions"},"message":"[runtime-status] [15132] Resolved module firebase-functions {\"declared\":true,\"installed\":true,\"version\":\"3.11.0\",\"resolution\":\"D:\\\\Ingenieria_de_Sistemas\\\\FinalDeNode\\\\Ofimuebles-Node\\\\functions\\\\node_modules\\\\firebase-functions\\\\lib\\\\index.js\"}"}}
[debug] [2020-09-14T08:10:16.508Z] [runtime-status] [15132] Resolved module firebase-functions {"declared":true,"installed":true,"version":"3.11.0","resolution":"D:\\Ingenieria_de_Sistemas\\FinalDeNode\\Ofimuebles-Node\\functions\\node_modules\\firebase-functions\\lib\\index.js"} {"metadata":{"emulator":{"name":"functions"},"message":"[runtime-status] [15132] Resolved module firebase-functions {\"declared\":true,\"installed\":true,\"version\":\"3.11.0\",\"resolution\":\"D:\\\\Ingenieria_de_Sistemas\\\\FinalDeNode\\\\Ofimuebles-Node\\\\functions\\\\node_modules\\\\firebase-functions\\\\lib\\\\index.js\"}"}}
[debug] [2020-09-14T08:10:16.510Z] [runtime-status] [15132] Outgoing network have been stubbed. [{"name":"http","status":"mocked"},{"name":"http","status":"mocked"},{"name":"https","status":"mocked"},{"name":"https","status":"mocked"},{"name":"net","status":"mocked"}] {"metadata":{"emulator":{"name":"functions"},"message":"[runtime-status] [15132] Outgoing network have been stubbed. [{\"name\":\"http\",\"status\":\"mocked\"},{\"name\":\"http\",\"status\":\"mocked\"},{\"name\":\"https\",\"status\":\"mocked\"},{\"name\":\"https\",\"status\":\"mocked\"},{\"name\":\"net\",\"status\":\"mocked\"}]"}}
[debug] [2020-09-14T08:10:16.511Z] [runtime-status] [15132] Resolved module firebase-functions {"declared":true,"installed":true,"version":"3.11.0","resolution":"D:\\Ingenieria_de_Sistemas\\FinalDeNode\\Ofimuebles-Node\\functions\\node_modules\\firebase-functions\\lib\\index.js"} {"metadata":{"emulator":{"name":"functions"},"message":"[runtime-status] [15132] Resolved module firebase-functions {\"declared\":true,\"installed\":true,\"version\":\"3.11.0\",\"resolution\":\"D:\\\\Ingenieria_de_Sistemas\\\\FinalDeNode\\\\Ofimuebles-Node\\\\functions\\\\node_modules\\\\firebase-functions\\\\lib\\\\index.js\"}"}}
[debug] [2020-09-14T08:10:17.205Z] [runtime-status] [15132] Checked functions.config() {"config":{}} {"metadata":{"emulator":{"name":"functions"},"message":"[runtime-status] [15132] Checked functions.config() {\"config\":{}}"}}
[debug] [2020-09-14T08:10:17.205Z] [runtime-status] [15132] firebase-functions has been stubbed. {"functionsResolution":{"declared":true,"installed":true,"version":"3.11.0","resolution":"D:\\Ingenieria_de_Sistemas\\FinalDeNode\\Ofimuebles-Node\\functions\\node_modules\\firebase-functions\\lib\\index.js"}} {"metadata":{"emulator":{"name":"functions"},"message":"[runtime-status] [15132] firebase-functions has been stubbed. {\"functionsResolution\":{\"declared\":true,\"installed\":true,\"version\":\"3.11.0\",\"resolution\":\"D:\\\\Ingenieria_de_Sistemas\\\\FinalDeNode\\\\Ofimuebles-Node\\\\functions\\\\node_modules\\\\firebase-functions\\\\lib\\\\index.js\"}}"}}
[debug] [2020-09-14T08:10:17.206Z] [runtime-status] [15132] Resolved module firebase-functions {"declared":true,"installed":true,"version":"3.11.0","resolution":"D:\\Ingenieria_de_Sistemas\\FinalDeNode\\Ofimuebles-Node\\functions\\node_modules\\firebase-functions\\lib\\index.js"} {"metadata":{"emulator":{"name":"functions"},"message":"[runtime-status] [15132] Resolved module firebase-functions {\"declared\":true,\"installed\":true,\"version\":\"3.11.0\",\"resolution\":\"D:\\\\Ingenieria_de_Sistemas\\\\FinalDeNode\\\\Ofimuebles-Node\\\\functions\\\\node_modules\\\\firebase-functions\\\\lib\\\\index.js\"}"}}
[debug] [2020-09-14T08:10:17.208Z] [runtime-status] [15132] Resolved module firebase-admin {"declared":true,"installed":true,"version":"8.13.0","resolution":"D:\\Ingenieria_de_Sistemas\\FinalDeNode\\Ofimuebles-Node\\functions\\node_modules\\firebase-admin\\lib\\index.js"} {"metadata":{"emulator":{"name":"functions"},"message":"[runtime-status] [15132] Resolved module firebase-admin {\"declared\":true,\"installed\":true,\"version\":\"8.13.0\",\"resolution\":\"D:\\\\Ingenieria_de_Sistemas\\\\FinalDeNode\\\\Ofimuebles-Node\\\\functions\\\\node_modules\\\\firebase-admin\\\\lib\\\\index.js\"}"}}
[debug] [2020-09-14T08:10:17.209Z] [runtime-status] [15132] Resolved module firebase-functions {"declared":true,"installed":true,"version":"3.11.0","resolution":"D:\\Ingenieria_de_Sistemas\\FinalDeNode\\Ofimuebles-Node\\functions\\node_modules\\firebase-functions\\lib\\index.js"} {"metadata":{"emulator":{"name":"functions"},"message":"[runtime-status] [15132] Resolved module firebase-functions {\"declared\":true,\"installed\":true,\"version\":\"3.11.0\",\"resolution\":\"D:\\\\Ingenieria_de_Sistemas\\\\FinalDeNode\\\\Ofimuebles-Node\\\\functions\\\\node_modules\\\\firebase-functions\\\\lib\\\\index.js\"}"}}
[debug] [2020-09-14T08:10:17.210Z] [runtime-status] [15132] firebase-admin has been stubbed. {"adminResolution":{"declared":true,"installed":true,"version":"8.13.0","resolution":"D:\\Ingenieria_de_Sistemas\\FinalDeNode\\Ofimuebles-Node\\functions\\node_modules\\firebase-admin\\lib\\index.js"}} {"metadata":{"emulator":{"name":"functions"},"message":"[runtime-status] [15132] firebase-admin has been stubbed. {\"adminResolution\":{\"declared\":true,\"installed\":true,\"version\":\"8.13.0\",\"resolution\":\"D:\\\\Ingenieria_de_Sistemas\\\\FinalDeNode\\\\Ofimuebles-Node\\\\functions\\\\node_modules\\\\firebase-admin\\\\lib\\\\index.js\"}}"}}
[debug] [2020-09-14T08:10:17.213Z] [runtime-status] [15132] initializeApp(DEFAULT) {"databaseURL":"https://jeilopez.firebaseio.com","storageBucket":"jeilopez.appspot.com","projectId":"jeilopez"} {"metadata":{"emulator":{"name":"functions"},"message":"[runtime-status] [15132] initializeApp(DEFAULT) {\"databaseURL\":\"https://jeilopez.firebaseio.com\",\"storageBucket\":\"jeilopez.appspot.com\",\"projectId\":\"jeilopez\"}"}}
[info] +  functions[app]: http function initialized (http://localhost:5001/jeilopez/us-central1/app). {"metadata":{"emulator":{"name":"functions"},"message":"\u001b[1mhttp\u001b[22m function initialized (http://localhost:5001/jeilopez/us-central1/app)."}}
[debug] [2020-09-14T08:10:18.899Z] [worker-~diagnostic~-a470001b-8b9a-4656-973d-72df6be80ec7]: IDLE {"metadata":{"emulator":{"name":"functions"},"message":"[worker-~diagnostic~-a470001b-8b9a-4656-973d-72df6be80ec7]: IDLE"}}
[info] [hosting] Rewriting / to http://localhost:5001/jeilopez/us-central1/app for local Function app
[debug] [2020-09-14T08:10:26.042Z] [work-queue] {"queueLength":1,"workRunningCount":0}
[debug] [2020-09-14T08:10:26.043Z] [work-queue] {"queueLength":0,"workRunningCount":1}
[debug] [2020-09-14T08:10:26.043Z] Accepted request GET /jeilopez/us-central1/app/ --> app
[debug] [2020-09-14T08:10:26.050Z] [worker-pool] addWorker(app) {"metadata":{"emulator":{"name":"functions"},"message":"[worker-pool] addWorker(app)"}}
[debug] [2020-09-14T08:10:26.051Z] [worker-pool] Adding worker with key app, total=1 {"metadata":{"emulator":{"name":"functions"},"message":"[worker-pool] Adding worker with key app, total=1"}}
[debug] [2020-09-14T08:10:26.051Z] [worker-pool] submitWork(triggerId=app) {"metadata":{"emulator":{"name":"functions"},"message":"[worker-pool] submitWork(triggerId=app)"}}
[debug] [2020-09-14T08:10:26.052Z] [worker-app-370836a3-f9d9-47d7-893c-cc6a9e09cbea]: Assigning socketPath: \\?\pipe\D:\Ingenieria_de_Sistemas\FinalDeNode\Ofimuebles-Node\functions\6692 {"metadata":{"emulator":{"name":"functions"},"message":"[worker-app-370836a3-f9d9-47d7-893c-cc6a9e09cbea]: Assigning socketPath: \\\\?\\pipe\\D:\\Ingenieria_de_Sistemas\\FinalDeNode\\Ofimuebles-Node\\functions\\6692"}}
[debug] [2020-09-14T08:10:26.052Z] [worker-app-370836a3-f9d9-47d7-893c-cc6a9e09cbea]: BUSY {"metadata":{"emulator":{"name":"functions"},"message":"[worker-app-370836a3-f9d9-47d7-893c-cc6a9e09cbea]: BUSY"}}
[debug] [2020-09-14T08:10:26.716Z] [runtime-status] [6692] Functions runtime initialized. {"cwd":"D:\\Ingenieria_de_Sistemas\\FinalDeNode\\Ofimuebles-Node\\functions","node_version":"14.6.0"} {"metadata":{"emulator":{"name":"functions"},"function":{"name":"app"},"message":"[runtime-status] [6692] Functions runtime initialized. {\"cwd\":\"D:\\\\Ingenieria_de_Sistemas\\\\FinalDeNode\\\\Ofimuebles-Node\\\\functions\",\"node_version\":\"14.6.0\"}"}}
[debug] [2020-09-14T08:10:26.720Z] [runtime-status] [6692] Disabled runtime features: undefined {"metadata":{"emulator":{"name":"functions"},"function":{"name":"app"},"message":"[runtime-status] [6692] Disabled runtime features: undefined"}}
[debug] [2020-09-14T08:10:26.731Z] [runtime-status] [6692] Resolved module firebase-admin {"declared":true,"installed":true,"version":"8.13.0","resolution":"D:\\Ingenieria_de_Sistemas\\FinalDeNode\\Ofimuebles-Node\\functions\\node_modules\\firebase-admin\\lib\\index.js"} {"metadata":{"emulator":{"name":"functions"},"function":{"name":"app"},"message":"[runtime-status] [6692] Resolved module firebase-admin {\"declared\":true,\"installed\":true,\"version\":\"8.13.0\",\"resolution\":\"D:\\\\Ingenieria_de_Sistemas\\\\FinalDeNode\\\\Ofimuebles-Node\\\\functions\\\\node_modules\\\\firebase-admin\\\\lib\\\\index.js\"}"}}
[debug] [2020-09-14T08:10:26.735Z] [runtime-status] [6692] Resolved module firebase-functions {"declared":true,"installed":true,"version":"3.11.0","resolution":"D:\\Ingenieria_de_Sistemas\\FinalDeNode\\Ofimuebles-Node\\functions\\node_modules\\firebase-functions\\lib\\index.js"} {"metadata":{"emulator":{"name":"functions"},"function":{"name":"app"},"message":"[runtime-status] [6692] Resolved module firebase-functions {\"declared\":true,\"installed\":true,\"version\":\"3.11.0\",\"resolution\":\"D:\\\\Ingenieria_de_Sistemas\\\\FinalDeNode\\\\Ofimuebles-Node\\\\functions\\\\node_modules\\\\firebase-functions\\\\lib\\\\index.js\"}"}}
[debug] [2020-09-14T08:10:26.738Z] [runtime-status] [6692] Resolved module firebase-functions {"declared":true,"installed":true,"version":"3.11.0","resolution":"D:\\Ingenieria_de_Sistemas\\FinalDeNode\\Ofimuebles-Node\\functions\\node_modules\\firebase-functions\\lib\\index.js"} {"metadata":{"emulator":{"name":"functions"},"function":{"name":"app"},"message":"[runtime-status] [6692] Resolved module firebase-functions {\"declared\":true,\"installed\":true,\"version\":\"3.11.0\",\"resolution\":\"D:\\\\Ingenieria_de_Sistemas\\\\FinalDeNode\\\\Ofimuebles-Node\\\\functions\\\\node_modules\\\\firebase-functions\\\\lib\\\\index.js\"}"}}
[debug] [2020-09-14T08:10:26.740Z] [runtime-status] [6692] Outgoing network have been stubbed. [{"name":"http","status":"mocked"},{"name":"http","status":"mocked"},{"name":"https","status":"mocked"},{"name":"https","status":"mocked"},{"name":"net","status":"mocked"}] {"metadata":{"emulator":{"name":"functions"},"function":{"name":"app"},"message":"[runtime-status] [6692] Outgoing network have been stubbed. [{\"name\":\"http\",\"status\":\"mocked\"},{\"name\":\"http\",\"status\":\"mocked\"},{\"name\":\"https\",\"status\":\"mocked\"},{\"name\":\"https\",\"status\":\"mocked\"},{\"name\":\"net\",\"status\":\"mocked\"}]"}}
[debug] [2020-09-14T08:10:26.741Z] [runtime-status] [6692] Resolved module firebase-functions {"declared":true,"installed":true,"version":"3.11.0","resolution":"D:\\Ingenieria_de_Sistemas\\FinalDeNode\\Ofimuebles-Node\\functions\\node_modules\\firebase-functions\\lib\\index.js"} {"metadata":{"emulator":{"name":"functions"},"function":{"name":"app"},"message":"[runtime-status] [6692] Resolved module firebase-functions {\"declared\":true,\"installed\":true,\"version\":\"3.11.0\",\"resolution\":\"D:\\\\Ingenieria_de_Sistemas\\\\FinalDeNode\\\\Ofimuebles-Node\\\\functions\\\\node_modules\\\\firebase-functions\\\\lib\\\\index.js\"}"}}
[debug] [2020-09-14T08:10:26.826Z] [runtime-status] [6692] Checked functions.config() {"config":{}} {"metadata":{"emulator":{"name":"functions"},"function":{"name":"app"},"message":"[runtime-status] [6692] Checked functions.config() {\"config\":{}}"}}
[debug] [2020-09-14T08:10:26.827Z] [runtime-status] [6692] firebase-functions has been stubbed. {"functionsResolution":{"declared":true,"installed":true,"version":"3.11.0","resolution":"D:\\Ingenieria_de_Sistemas\\FinalDeNode\\Ofimuebles-Node\\functions\\node_modules\\firebase-functions\\lib\\index.js"}} {"metadata":{"emulator":{"name":"functions"},"function":{"name":"app"},"message":"[runtime-status] [6692] firebase-functions has been stubbed. {\"functionsResolution\":{\"declared\":true,\"installed\":true,\"version\":\"3.11.0\",\"resolution\":\"D:\\\\Ingenieria_de_Sistemas\\\\FinalDeNode\\\\Ofimuebles-Node\\\\functions\\\\node_modules\\\\firebase-functions\\\\lib\\\\index.js\"}}"}}
[debug] [2020-09-14T08:10:26.828Z] [runtime-status] [6692] Resolved module firebase-functions {"declared":true,"installed":true,"version":"3.11.0","resolution":"D:\\Ingenieria_de_Sistemas\\FinalDeNode\\Ofimuebles-Node\\functions\\node_modules\\firebase-functions\\lib\\index.js"} {"metadata":{"emulator":{"name":"functions"},"function":{"name":"app"},"message":"[runtime-status] [6692] Resolved module firebase-functions {\"declared\":true,\"installed\":true,\"version\":\"3.11.0\",\"resolution\":\"D:\\\\Ingenieria_de_Sistemas\\\\FinalDeNode\\\\Ofimuebles-Node\\\\functions\\\\node_modules\\\\firebase-functions\\\\lib\\\\index.js\"}"}}
[debug] [2020-09-14T08:10:26.830Z] [runtime-status] [6692] Resolved module firebase-admin {"declared":true,"installed":true,"version":"8.13.0","resolution":"D:\\Ingenieria_de_Sistemas\\FinalDeNode\\Ofimuebles-Node\\functions\\node_modules\\firebase-admin\\lib\\index.js"} {"metadata":{"emulator":{"name":"functions"},"function":{"name":"app"},"message":"[runtime-status] [6692] Resolved module firebase-admin {\"declared\":true,\"installed\":true,\"version\":\"8.13.0\",\"resolution\":\"D:\\\\Ingenieria_de_Sistemas\\\\FinalDeNode\\\\Ofimuebles-Node\\\\functions\\\\node_modules\\\\firebase-admin\\\\lib\\\\index.js\"}"}}
[debug] [2020-09-14T08:10:26.831Z] [runtime-status] [6692] Resolved module firebase-functions {"declared":true,"installed":true,"version":"3.11.0","resolution":"D:\\Ingenieria_de_Sistemas\\FinalDeNode\\Ofimuebles-Node\\functions\\node_modules\\firebase-functions\\lib\\index.js"} {"metadata":{"emulator":{"name":"functions"},"function":{"name":"app"},"message":"[runtime-status] [6692] Resolved module firebase-functions {\"declared\":true,\"installed\":true,\"version\":\"3.11.0\",\"resolution\":\"D:\\\\Ingenieria_de_Sistemas\\\\FinalDeNode\\\\Ofimuebles-Node\\\\functions\\\\node_modules\\\\firebase-functions\\\\lib\\\\index.js\"}"}}
[debug] [2020-09-14T08:10:26.831Z] [runtime-status] [6692] firebase-admin has been stubbed. {"adminResolution":{"declared":true,"installed":true,"version":"8.13.0","resolution":"D:\\Ingenieria_de_Sistemas\\FinalDeNode\\Ofimuebles-Node\\functions\\node_modules\\firebase-admin\\lib\\index.js"}} {"metadata":{"emulator":{"name":"functions"},"function":{"name":"app"},"message":"[runtime-status] [6692] firebase-admin has been stubbed. {\"adminResolution\":{\"declared\":true,\"installed\":true,\"version\":\"8.13.0\",\"resolution\":\"D:\\\\Ingenieria_de_Sistemas\\\\FinalDeNode\\\\Ofimuebles-Node\\\\functions\\\\node_modules\\\\firebase-admin\\\\lib\\\\index.js\"}}"}}
[debug] [2020-09-14T08:10:26.835Z] [runtime-status] [6692] initializeApp(DEFAULT) {"databaseURL":"https://jeilopez.firebaseio.com","storageBucket":"jeilopez.appspot.com","projectId":"jeilopez"} {"metadata":{"emulator":{"name":"functions"},"function":{"name":"app"},"message":"[runtime-status] [6692] initializeApp(DEFAULT) {\"databaseURL\":\"https://jeilopez.firebaseio.com\",\"storageBucket\":\"jeilopez.appspot.com\",\"projectId\":\"jeilopez\"}"}}
[debug] [2020-09-14T08:10:27.160Z] [runtime-status] [6692] Trigger "app" has been found, beginning invocation! {"metadata":{"emulator":{"name":"functions"},"function":{"name":"app"},"message":"[runtime-status] [6692] Trigger \"app\" has been found, beginning invocation!"}}
[info] i  functions: Beginning execution of "app" {"metadata":{"emulator":{"name":"functions"},"function":{"name":"app"},"message":"Beginning execution of \"app\""}}
[debug] [2020-09-14T08:10:27.163Z] [runtime-status] [6692] triggerDefinition {"httpsTrigger":{},"name":"app","entryPoint":"app"} {"metadata":{"emulator":{"name":"functions"},"function":{"name":"app"},"message":"[runtime-status] [6692] triggerDefinition {\"httpsTrigger\":{},\"name\":\"app\",\"entryPoint\":\"app\"}"}}
[debug] [2020-09-14T08:10:27.163Z] [runtime-status] [6692] Running app in mode HTTPS {"metadata":{"emulator":{"name":"functions"},"function":{"name":"app"},"message":"[runtime-status] [6692] Running app in mode HTTPS"}}
[debug] [2020-09-14T08:10:27.175Z] [runtime-status] [6692] Attempting to listen to socketPath: \\?\pipe\D:\Ingenieria_de_Sistemas\FinalDeNode\Ofimuebles-Node\functions\6692 {"metadata":{"emulator":{"name":"functions"},"function":{"name":"app"},"message":"[runtime-status] [6692] Attempting to listen to socketPath: \\\\?\\pipe\\D:\\Ingenieria_de_Sistemas\\FinalDeNode\\Ofimuebles-Node\\functions\\6692"}}
[debug] [2020-09-14T08:10:27.181Z] [functions] Runtime ready! Sending request! {"metadata":{"emulator":{"name":"functions"},"message":"[functions] Runtime ready! Sending request!"}}
[debug] [2020-09-14T08:10:27.195Z] [runtime-status] [6692] Ephemeral server handling GET request {"metadata":{"emulator":{"name":"functions"},"function":{"name":"app"},"message":"[runtime-status] [6692] Ephemeral server handling GET request"}}
[debug] [2020-09-14T08:10:27.209Z] [runtime-status] [6692] Ephemeral server survived. {"metadata":{"emulator":{"name":"functions"},"function":{"name":"app"},"message":"[runtime-status] [6692] Ephemeral server survived."}}
[info] i  hosting: 127.0.0.1 - - [14/Sep/2020:08:10:27 +0000] "GET / HTTP/1.1" 200 10 "-" "Mozilla/5.0 (Windows NT 10.0; Win64; x64) AppleWebKit/537.36 (KHTML, like Gecko) Chrome/85.0.4183.102 Safari/537.36 Edg/85.0.564.51" {"metadata":{"emulator":{"name":"hosting"},"message":"127.0.0.1 - - [14/Sep/2020:08:10:27 +0000] \"GET / HTTP/1.1\" 200 10 \"-\" \"Mozilla/5.0 (Windows NT 10.0; Win64; x64) AppleWebKit/537.36 (KHTML, like Gecko) Chrome/85.0.4183.102 Safari/537.36 Edg/85.0.564.51\""}}
[info] i  functions: Finished "app" in ~1s {"metadata":{"emulator":{"name":"functions"},"function":{"name":"app"},"message":"Finished \"app\" in ~1s"}}
[debug] [2020-09-14T08:10:27.224Z] [worker-app-370836a3-f9d9-47d7-893c-cc6a9e09cbea]: IDLE {"metadata":{"emulator":{"name":"functions"},"message":"[worker-app-370836a3-f9d9-47d7-893c-cc6a9e09cbea]: IDLE"}}
[debug] [2020-09-14T08:10:27.225Z] [work-queue] {"queueLength":0,"workRunningCount":0}
[info] [hosting] Rewriting /favicon.ico to http://localhost:5001/jeilopez/us-central1/app for local Function app
[debug] [2020-09-14T08:10:27.772Z] [work-queue] {"queueLength":1,"workRunningCount":0}
[debug] [2020-09-14T08:10:27.772Z] [work-queue] {"queueLength":0,"workRunningCount":1}
[debug] [2020-09-14T08:10:27.773Z] Accepted request GET /jeilopez/us-central1/app/favicon.ico --> app
[debug] [2020-09-14T08:10:27.773Z] [worker-pool] submitWork(triggerId=app) {"metadata":{"emulator":{"name":"functions"},"message":"[worker-pool] submitWork(triggerId=app)"}}
[debug] [2020-09-14T08:10:27.773Z] [worker-app-370836a3-f9d9-47d7-893c-cc6a9e09cbea]: Assigning socketPath: \\?\pipe\D:\Ingenieria_de_Sistemas\FinalDeNode\Ofimuebles-Node\functions\6692 {"metadata":{"emulator":{"name":"functions"},"message":"[worker-app-370836a3-f9d9-47d7-893c-cc6a9e09cbea]: Assigning socketPath: \\\\?\\pipe\\D:\\Ingenieria_de_Sistemas\\FinalDeNode\\Ofimuebles-Node\\functions\\6692"}}
[debug] [2020-09-14T08:10:27.773Z] [worker-app-370836a3-f9d9-47d7-893c-cc6a9e09cbea]: BUSY {"metadata":{"emulator":{"name":"functions"},"message":"[worker-app-370836a3-f9d9-47d7-893c-cc6a9e09cbea]: BUSY"}}
[debug] [2020-09-14T08:10:27.774Z] [runtime-status] [6692] Trigger "app" has been found, beginning invocation! {"metadata":{"emulator":{"name":"functions"},"function":{"name":"app"},"message":"[runtime-status] [6692] Trigger \"app\" has been found, beginning invocation!"}}
[info] i  functions: Beginning execution of "app" {"metadata":{"emulator":{"name":"functions"},"function":{"name":"app"},"message":"Beginning execution of \"app\""}}
[debug] [2020-09-14T08:10:27.775Z] [runtime-status] [6692] triggerDefinition {"httpsTrigger":{},"name":"app","entryPoint":"app"} {"metadata":{"emulator":{"name":"functions"},"function":{"name":"app"},"message":"[runtime-status] [6692] triggerDefinition {\"httpsTrigger\":{},\"name\":\"app\",\"entryPoint\":\"app\"}"}}
[debug] [2020-09-14T08:10:27.775Z] [runtime-status] [6692] Running app in mode HTTPS {"metadata":{"emulator":{"name":"functions"},"function":{"name":"app"},"message":"[runtime-status] [6692] Running app in mode HTTPS"}}
[debug] [2020-09-14T08:10:27.776Z] [runtime-status] [6692] Attempting to listen to socketPath: \\?\pipe\D:\Ingenieria_de_Sistemas\FinalDeNode\Ofimuebles-Node\functions\6692 {"metadata":{"emulator":{"name":"functions"},"function":{"name":"app"},"message":"[runtime-status] [6692] Attempting to listen to socketPath: \\\\?\\pipe\\D:\\Ingenieria_de_Sistemas\\FinalDeNode\\Ofimuebles-Node\\functions\\6692"}}
[debug] [2020-09-14T08:10:27.777Z] [functions] Runtime ready! Sending request! {"metadata":{"emulator":{"name":"functions"},"message":"[functions] Runtime ready! Sending request!"}}
[debug] [2020-09-14T08:10:27.780Z] [runtime-status] [6692] Ephemeral server handling GET request {"metadata":{"emulator":{"name":"functions"},"function":{"name":"app"},"message":"[runtime-status] [6692] Ephemeral server handling GET request"}}
[debug] [2020-09-14T08:10:27.782Z] [runtime-status] [6692] Ephemeral server survived. {"metadata":{"emulator":{"name":"functions"},"function":{"name":"app"},"message":"[runtime-status] [6692] Ephemeral server survived."}}
[info] i  hosting: 127.0.0.1 - - [14/Sep/2020:08:10:27 +0000] "GET /favicon.ico HTTP/1.1" 404 175 "http://localhost:5000/" "Mozilla/5.0 (Windows NT 10.0; Win64; x64) AppleWebKit/537.36 (KHTML, like Gecko) Chrome/85.0.4183.102 Safari/537.36 Edg/85.0.564.51" {"metadata":{"emulator":{"name":"hosting"},"message":"127.0.0.1 - - [14/Sep/2020:08:10:27 +0000] \"GET /favicon.ico HTTP/1.1\" 404 175 \"http://localhost:5000/\" \"Mozilla/5.0 (Windows NT 10.0; Win64; x64) AppleWebKit/537.36 (KHTML, like Gecko) Chrome/85.0.4183.102 Safari/537.36 Edg/85.0.564.51\""}}
[info] i  functions: Finished "app" in ~1s {"metadata":{"emulator":{"name":"functions"},"function":{"name":"app"},"message":"Finished \"app\" in ~1s"}}
[debug] [2020-09-14T08:10:27.797Z] [worker-app-370836a3-f9d9-47d7-893c-cc6a9e09cbea]: IDLE {"metadata":{"emulator":{"name":"functions"},"message":"[worker-app-370836a3-f9d9-47d7-893c-cc6a9e09cbea]: IDLE"}}
[debug] [2020-09-14T08:10:27.797Z] [work-queue] {"queueLength":0,"workRunningCount":0}
[debug] [2020-09-14T08:13:32.881Z] File D:\Ingenieria_de_Sistemas\FinalDeNode\Ofimuebles-Node\functions\src\views\layouts\main.hbs changed, reloading triggers {"metadata":{"emulator":{"name":"functions"},"message":"File D:\\Ingenieria_de_Sistemas\\FinalDeNode\\Ofimuebles-Node\\functions\\src\\views\\layouts\\main.hbs changed, reloading triggers"}}
[debug] [2020-09-14T08:13:33.836Z] File D:\Ingenieria_de_Sistemas\FinalDeNode\Ofimuebles-Node\functions\src\views\layouts\main.hbs changed, reloading triggers {"metadata":{"emulator":{"name":"functions"},"message":"File D:\\Ingenieria_de_Sistemas\\FinalDeNode\\Ofimuebles-Node\\functions\\src\\views\\layouts\\main.hbs changed, reloading triggers"}}
[debug] [2020-09-14T08:13:34.838Z] [worker-pool] Shutting down IDLE worker (~diagnostic~) {"metadata":{"emulator":{"name":"functions"},"message":"[worker-pool] Shutting down IDLE worker (~diagnostic~)"}}
[debug] [2020-09-14T08:13:34.838Z] [worker-~diagnostic~-a470001b-8b9a-4656-973d-72df6be80ec7]: FINISHING {"metadata":{"emulator":{"name":"functions"},"message":"[worker-~diagnostic~-a470001b-8b9a-4656-973d-72df6be80ec7]: FINISHING"}}
[debug] [2020-09-14T08:13:34.839Z] [worker-pool] Shutting down IDLE worker (app) {"metadata":{"emulator":{"name":"functions"},"message":"[worker-pool] Shutting down IDLE worker (app)"}}
[debug] [2020-09-14T08:13:34.839Z] [worker-app-370836a3-f9d9-47d7-893c-cc6a9e09cbea]: FINISHING {"metadata":{"emulator":{"name":"functions"},"message":"[worker-app-370836a3-f9d9-47d7-893c-cc6a9e09cbea]: FINISHING"}}
[debug] [2020-09-14T08:13:34.847Z] [worker-pool] addWorker(~diagnostic~) {"metadata":{"emulator":{"name":"functions"},"message":"[worker-pool] addWorker(~diagnostic~)"}}
[debug] [2020-09-14T08:13:34.847Z] [worker-pool] Adding worker with key ~diagnostic~, total=2 {"metadata":{"emulator":{"name":"functions"},"message":"[worker-pool] Adding worker with key ~diagnostic~, total=2"}}
[debug] [2020-09-14T08:13:34.847Z] [worker-pool] submitWork(triggerId=) {"metadata":{"emulator":{"name":"functions"},"message":"[worker-pool] submitWork(triggerId=)"}}
[debug] [2020-09-14T08:13:34.848Z] [worker-~diagnostic~-e832dad6-5033-497f-bcbc-91cd94f0bdba]: Assigning socketPath: \\?\pipe\D:\Ingenieria_de_Sistemas\FinalDeNode\Ofimuebles-Node\functions\264 {"metadata":{"emulator":{"name":"functions"},"message":"[worker-~diagnostic~-e832dad6-5033-497f-bcbc-91cd94f0bdba]: Assigning socketPath: \\\\?\\pipe\\D:\\Ingenieria_de_Sistemas\\FinalDeNode\\Ofimuebles-Node\\functions\\264"}}
[debug] [2020-09-14T08:13:34.848Z] [worker-~diagnostic~-e832dad6-5033-497f-bcbc-91cd94f0bdba]: BUSY {"metadata":{"emulator":{"name":"functions"},"message":"[worker-~diagnostic~-e832dad6-5033-497f-bcbc-91cd94f0bdba]: BUSY"}}
[debug] [2020-09-14T08:13:34.850Z] [worker-~diagnostic~-a470001b-8b9a-4656-973d-72df6be80ec7]: exited {"metadata":{"emulator":{"name":"functions"},"message":"[worker-~diagnostic~-a470001b-8b9a-4656-973d-72df6be80ec7]: exited"}}
[debug] [2020-09-14T08:13:34.850Z] [worker-~diagnostic~-a470001b-8b9a-4656-973d-72df6be80ec7]: FINISHED {"metadata":{"emulator":{"name":"functions"},"message":"[worker-~diagnostic~-a470001b-8b9a-4656-973d-72df6be80ec7]: FINISHED"}}
[debug] [2020-09-14T08:13:34.850Z] [worker-app-370836a3-f9d9-47d7-893c-cc6a9e09cbea]: exited {"metadata":{"emulator":{"name":"functions"},"message":"[worker-app-370836a3-f9d9-47d7-893c-cc6a9e09cbea]: exited"}}
[debug] [2020-09-14T08:13:34.850Z] [worker-app-370836a3-f9d9-47d7-893c-cc6a9e09cbea]: FINISHED {"metadata":{"emulator":{"name":"functions"},"message":"[worker-app-370836a3-f9d9-47d7-893c-cc6a9e09cbea]: FINISHED"}}
[debug] [2020-09-14T08:13:35.456Z] [runtime-status] [264] Functions runtime initialized. {"cwd":"D:\\Ingenieria_de_Sistemas\\FinalDeNode\\Ofimuebles-Node\\functions","node_version":"14.6.0"} {"metadata":{"emulator":{"name":"functions"},"message":"[runtime-status] [264] Functions runtime initialized. {\"cwd\":\"D:\\\\Ingenieria_de_Sistemas\\\\FinalDeNode\\\\Ofimuebles-Node\\\\functions\",\"node_version\":\"14.6.0\"}"}}
[debug] [2020-09-14T08:13:35.460Z] [runtime-status] [264] Disabled runtime features: undefined {"metadata":{"emulator":{"name":"functions"},"message":"[runtime-status] [264] Disabled runtime features: undefined"}}
[debug] [2020-09-14T08:13:35.469Z] [runtime-status] [264] Resolved module firebase-admin {"declared":true,"installed":true,"version":"8.13.0","resolution":"D:\\Ingenieria_de_Sistemas\\FinalDeNode\\Ofimuebles-Node\\functions\\node_modules\\firebase-admin\\lib\\index.js"} {"metadata":{"emulator":{"name":"functions"},"message":"[runtime-status] [264] Resolved module firebase-admin {\"declared\":true,\"installed\":true,\"version\":\"8.13.0\",\"resolution\":\"D:\\\\Ingenieria_de_Sistemas\\\\FinalDeNode\\\\Ofimuebles-Node\\\\functions\\\\node_modules\\\\firebase-admin\\\\lib\\\\index.js\"}"}}
[debug] [2020-09-14T08:13:35.473Z] [runtime-status] [264] Resolved module firebase-functions {"declared":true,"installed":true,"version":"3.11.0","resolution":"D:\\Ingenieria_de_Sistemas\\FinalDeNode\\Ofimuebles-Node\\functions\\node_modules\\firebase-functions\\lib\\index.js"} {"metadata":{"emulator":{"name":"functions"},"message":"[runtime-status] [264] Resolved module firebase-functions {\"declared\":true,\"installed\":true,\"version\":\"3.11.0\",\"resolution\":\"D:\\\\Ingenieria_de_Sistemas\\\\FinalDeNode\\\\Ofimuebles-Node\\\\functions\\\\node_modules\\\\firebase-functions\\\\lib\\\\index.js\"}"}}
[debug] [2020-09-14T08:13:35.476Z] [runtime-status] [264] Resolved module firebase-functions {"declared":true,"installed":true,"version":"3.11.0","resolution":"D:\\Ingenieria_de_Sistemas\\FinalDeNode\\Ofimuebles-Node\\functions\\node_modules\\firebase-functions\\lib\\index.js"} {"metadata":{"emulator":{"name":"functions"},"message":"[runtime-status] [264] Resolved module firebase-functions {\"declared\":true,\"installed\":true,\"version\":\"3.11.0\",\"resolution\":\"D:\\\\Ingenieria_de_Sistemas\\\\FinalDeNode\\\\Ofimuebles-Node\\\\functions\\\\node_modules\\\\firebase-functions\\\\lib\\\\index.js\"}"}}
[debug] [2020-09-14T08:13:35.478Z] [runtime-status] [264] Outgoing network have been stubbed. [{"name":"http","status":"mocked"},{"name":"http","status":"mocked"},{"name":"https","status":"mocked"},{"name":"https","status":"mocked"},{"name":"net","status":"mocked"}] {"metadata":{"emulator":{"name":"functions"},"message":"[runtime-status] [264] Outgoing network have been stubbed. [{\"name\":\"http\",\"status\":\"mocked\"},{\"name\":\"http\",\"status\":\"mocked\"},{\"name\":\"https\",\"status\":\"mocked\"},{\"name\":\"https\",\"status\":\"mocked\"},{\"name\":\"net\",\"status\":\"mocked\"}]"}}
[debug] [2020-09-14T08:13:35.479Z] [runtime-status] [264] Resolved module firebase-functions {"declared":true,"installed":true,"version":"3.11.0","resolution":"D:\\Ingenieria_de_Sistemas\\FinalDeNode\\Ofimuebles-Node\\functions\\node_modules\\firebase-functions\\lib\\index.js"} {"metadata":{"emulator":{"name":"functions"},"message":"[runtime-status] [264] Resolved module firebase-functions {\"declared\":true,\"installed\":true,\"version\":\"3.11.0\",\"resolution\":\"D:\\\\Ingenieria_de_Sistemas\\\\FinalDeNode\\\\Ofimuebles-Node\\\\functions\\\\node_modules\\\\firebase-functions\\\\lib\\\\index.js\"}"}}
[debug] [2020-09-14T08:13:35.563Z] [runtime-status] [264] Checked functions.config() {"config":{}} {"metadata":{"emulator":{"name":"functions"},"message":"[runtime-status] [264] Checked functions.config() {\"config\":{}}"}}
[debug] [2020-09-14T08:13:35.563Z] [runtime-status] [264] firebase-functions has been stubbed. {"functionsResolution":{"declared":true,"installed":true,"version":"3.11.0","resolution":"D:\\Ingenieria_de_Sistemas\\FinalDeNode\\Ofimuebles-Node\\functions\\node_modules\\firebase-functions\\lib\\index.js"}} {"metadata":{"emulator":{"name":"functions"},"message":"[runtime-status] [264] firebase-functions has been stubbed. {\"functionsResolution\":{\"declared\":true,\"installed\":true,\"version\":\"3.11.0\",\"resolution\":\"D:\\\\Ingenieria_de_Sistemas\\\\FinalDeNode\\\\Ofimuebles-Node\\\\functions\\\\node_modules\\\\firebase-functions\\\\lib\\\\index.js\"}}"}}
[debug] [2020-09-14T08:13:35.564Z] [runtime-status] [264] Resolved module firebase-functions {"declared":true,"installed":true,"version":"3.11.0","resolution":"D:\\Ingenieria_de_Sistemas\\FinalDeNode\\Ofimuebles-Node\\functions\\node_modules\\firebase-functions\\lib\\index.js"} {"metadata":{"emulator":{"name":"functions"},"message":"[runtime-status] [264] Resolved module firebase-functions {\"declared\":true,\"installed\":true,\"version\":\"3.11.0\",\"resolution\":\"D:\\\\Ingenieria_de_Sistemas\\\\FinalDeNode\\\\Ofimuebles-Node\\\\functions\\\\node_modules\\\\firebase-functions\\\\lib\\\\index.js\"}"}}
[debug] [2020-09-14T08:13:35.566Z] [runtime-status] [264] Resolved module firebase-admin {"declared":true,"installed":true,"version":"8.13.0","resolution":"D:\\Ingenieria_de_Sistemas\\FinalDeNode\\Ofimuebles-Node\\functions\\node_modules\\firebase-admin\\lib\\index.js"} {"metadata":{"emulator":{"name":"functions"},"message":"[runtime-status] [264] Resolved module firebase-admin {\"declared\":true,\"installed\":true,\"version\":\"8.13.0\",\"resolution\":\"D:\\\\Ingenieria_de_Sistemas\\\\FinalDeNode\\\\Ofimuebles-Node\\\\functions\\\\node_modules\\\\firebase-admin\\\\lib\\\\index.js\"}"}}
[debug] [2020-09-14T08:13:35.567Z] [runtime-status] [264] Resolved module firebase-functions {"declared":true,"installed":true,"version":"3.11.0","resolution":"D:\\Ingenieria_de_Sistemas\\FinalDeNode\\Ofimuebles-Node\\functions\\node_modules\\firebase-functions\\lib\\index.js"} {"metadata":{"emulator":{"name":"functions"},"message":"[runtime-status] [264] Resolved module firebase-functions {\"declared\":true,\"installed\":true,\"version\":\"3.11.0\",\"resolution\":\"D:\\\\Ingenieria_de_Sistemas\\\\FinalDeNode\\\\Ofimuebles-Node\\\\functions\\\\node_modules\\\\firebase-functions\\\\lib\\\\index.js\"}"}}
[debug] [2020-09-14T08:13:35.568Z] [runtime-status] [264] firebase-admin has been stubbed. {"adminResolution":{"declared":true,"installed":true,"version":"8.13.0","resolution":"D:\\Ingenieria_de_Sistemas\\FinalDeNode\\Ofimuebles-Node\\functions\\node_modules\\firebase-admin\\lib\\index.js"}} {"metadata":{"emulator":{"name":"functions"},"message":"[runtime-status] [264] firebase-admin has been stubbed. {\"adminResolution\":{\"declared\":true,\"installed\":true,\"version\":\"8.13.0\",\"resolution\":\"D:\\\\Ingenieria_de_Sistemas\\\\FinalDeNode\\\\Ofimuebles-Node\\\\functions\\\\node_modules\\\\firebase-admin\\\\lib\\\\index.js\"}}"}}
[debug] [2020-09-14T08:13:35.571Z] [runtime-status] [264] initializeApp(DEFAULT) {"databaseURL":"https://jeilopez.firebaseio.com","storageBucket":"jeilopez.appspot.com","projectId":"jeilopez"} {"metadata":{"emulator":{"name":"functions"},"message":"[runtime-status] [264] initializeApp(DEFAULT) {\"databaseURL\":\"https://jeilopez.firebaseio.com\",\"storageBucket\":\"jeilopez.appspot.com\",\"projectId\":\"jeilopez\"}"}}
[debug] [2020-09-14T08:13:35.845Z] [worker-~diagnostic~-e832dad6-5033-497f-bcbc-91cd94f0bdba]: IDLE {"metadata":{"emulator":{"name":"functions"},"message":"[worker-~diagnostic~-e832dad6-5033-497f-bcbc-91cd94f0bdba]: IDLE"}}
[debug] [2020-09-15T01:32:53.312Z] ----------------------------------------------------------------------
[debug] [2020-09-15T01:32:53.316Z] Command:       C:\Program Files\nodejs\node.exe C:\Users\Jeison Lopez\AppData\Roaming\npm\node_modules\firebase-tools\lib\bin\firebase.js serve
[debug] [2020-09-15T01:32:53.316Z] CLI Version:   8.10.0
[debug] [2020-09-15T01:32:53.316Z] Platform:      win32
[debug] [2020-09-15T01:32:53.317Z] Node Version:  v14.6.0
[debug] [2020-09-15T01:32:53.327Z] Time:          Mon Sep 14 2020 20:32:53 GMT-0500 (hora estándar de Colombia)
[debug] [2020-09-15T01:32:53.327Z] ----------------------------------------------------------------------
[debug] [2020-09-15T01:32:53.328Z] 
[debug] [2020-09-15T01:32:53.346Z] > command requires scopes: ["email","openid","https://www.googleapis.com/auth/cloudplatformprojects.readonly","https://www.googleapis.com/auth/firebase","https://www.googleapis.com/auth/cloud-platform"]
[debug] [2020-09-15T01:32:53.347Z] > authorizing via signed-in user
[debug] [2020-09-15T01:32:53.347Z] [iam] checking project jeilopez for permissions ["firebase.projects.get"]
[debug] [2020-09-15T01:32:53.351Z] > refreshing access token with scopes: ["email","https://www.googleapis.com/auth/cloud-platform","https://www.googleapis.com/auth/cloudplatformprojects.readonly","https://www.googleapis.com/auth/firebase","openid"]
[debug] [2020-09-15T01:32:53.351Z] >>> HTTP REQUEST POST https://www.googleapis.com/oauth2/v3/token  
 <request body omitted>
[debug] [2020-09-15T01:32:53.894Z] <<< HTTP RESPONSE 200 {"content-type":"application/json; charset=utf-8","vary":"X-Origin, Referer, Origin,Accept-Encoding","date":"Tue, 15 Sep 2020 01:32:54 GMT","server":"scaffolding on HTTPServer2","cache-control":"private","x-xss-protection":"0","x-frame-options":"SAMEORIGIN","x-content-type-options":"nosniff","alt-svc":"h3-29=\":443\"; ma=2592000,h3-27=\":443\"; ma=2592000,h3-T051=\":443\"; ma=2592000,h3-T050=\":443\"; ma=2592000,h3-Q050=\":443\"; ma=2592000,h3-Q046=\":443\"; ma=2592000,h3-Q043=\":443\"; ma=2592000,quic=\":443\"; ma=2592000; v=\"46,43\"","accept-ranges":"none","transfer-encoding":"chunked"}
[debug] [2020-09-15T01:32:53.906Z] >>> HTTP REQUEST POST https://cloudresourcemanager.googleapis.com/v1/projects/jeilopez:testIamPermissions  
 {"permissions":["firebase.projects.get"]}
[debug] [2020-09-15T01:32:54.788Z] <<< HTTP RESPONSE 200 {"content-type":"application/json; charset=UTF-8","vary":"X-Origin, Referer, Origin,Accept-Encoding","date":"Tue, 15 Sep 2020 01:32:55 GMT","server":"ESF","cache-control":"private","x-xss-protection":"0","x-frame-options":"SAMEORIGIN","x-content-type-options":"nosniff","server-timing":"gfet4t7; dur=401","alt-svc":"h3-29=\":443\"; ma=2592000,h3-27=\":443\"; ma=2592000,h3-T051=\":443\"; ma=2592000,h3-T050=\":443\"; ma=2592000,h3-Q050=\":443\"; ma=2592000,h3-Q046=\":443\"; ma=2592000,h3-Q043=\":443\"; ma=2592000,quic=\":443\"; ma=2592000; v=\"46,43\"","accept-ranges":"none","transfer-encoding":"chunked"}
[debug] [2020-09-15T01:32:54.790Z] >>> HTTP REQUEST GET https://firebase.googleapis.com/v1beta1/projects/jeilopez  
 
